<?xml version="1.0" encoding="UTF-8"?>
<testng-results skipped="0" failed="0" ignored="0" total="3" passed="3">
  <reporter-output>
  </reporter-output>
  <suite name="Default suite" duration-ms="156" started-at="2020-02-10T16:31:27 EST" finished-at="2020-02-10T16:31:27 EST">
    <groups>
    </groups>
    <test name="Default test" duration-ms="156" started-at="2020-02-10T16:31:27 EST" finished-at="2020-02-10T16:31:27 EST">
      <class name="com.qa.tests.DemoTest">
        <test-method status="PASS" signature="addtest()[pri:0, instance:com.qa.tests.DemoTest@9660f4e]" name="addtest" duration-ms="36" started-at="2020-02-10T16:31:27 EST" finished-at="2020-02-10T16:31:27 EST">
          <reporter-output>
          </reporter-output>
        </test-method> <!-- addtest -->
        <test-method status="PASS" signature="multest()[pri:0, instance:com.qa.tests.DemoTest@9660f4e]" name="multest" duration-ms="3" started-at="2020-02-10T16:31:27 EST" finished-at="2020-02-10T16:31:27 EST">
          <reporter-output>
          </reporter-output>
        </test-method> <!-- multest -->
        <test-method status="PASS" signature="subtest()[pri:0, instance:com.qa.tests.DemoTest@9660f4e]" name="subtest" duration-ms="3" started-at="2020-02-10T16:31:27 EST" finished-at="2020-02-10T16:31:27 EST">
          <reporter-output>
          </reporter-output>
        </test-method> <!-- subtest -->
      </class> <!-- com.qa.tests.DemoTest -->
    </test> <!-- Default test -->
  </suite> <!-- Default suite -->
</testng-results>
