<?xml version="1.0" encoding="UTF-8"?>
<!-- Generated by org.testng.reporters.JUnitXMLReporter -->
<testsuite hostname="Jobin-PC" ignored="0" name="Default test" tests="3" failures="0" timestamp="2020-02-10T16:31:28 EST" time="0.156" errors="0">
  <testcase name="addtest" time="0.036" classname="com.qa.tests.DemoTest"/>
  <testcase name="multest" time="0.003" classname="com.qa.tests.DemoTest"/>
  <testcase name="subtest" time="0.003" classname="com.qa.tests.DemoTest"/>
</testsuite> <!-- Default test -->
