<?xml version="1.0" encoding="UTF-8"?>
<!-- Generated by org.testng.reporters.JUnitXMLReporter -->
<testsuite hostname="Jobin-PC" ignored="0" name="Test on Rest API " tests="4" failures="0" timestamp="2020-02-10T23:14:55 EST" time="219.718" errors="0">
  <testcase name="test_homepage_title" time="0.262" classname="W3school_Tests.GUI_tests"/>
  <testcase name="test_searchoption" time="6.311" classname="W3school_Tests.GUI_tests"/>
  <testcase name="email_test" time="35.589" classname="W3school_Tests.FUN_tests"/>
  <testcase name="test_webpagelinks" time="43.487" classname="W3school_Tests.FUN_tests"/>
</testsuite> <!-- Test on Rest API  -->
