<?xml version="1.0" encoding="UTF-8"?>
<!-- Generated by org.testng.reporters.JUnitXMLReporter -->
<testsuite hostname="Jobin-PC" ignored="0" name="Test on Rest API " tests="1" failures="1" timestamp="2020-02-13T18:08:03 EST" time="30.251" errors="0">
  <testcase name="imgsearch" time="2.369" classname="EBApparel_Tests.Functional_tests">
    <failure type="java.lang.AssertionError" message="expected [true] but found [false]">
      <![CDATA[java.lang.AssertionError: expected [true] but found [false]
at EBApparel_Tests.Functional_tests.imgsearch(Functional_tests.java:75)
at java.util.ArrayList.forEach(ArrayList.java:1234)
at java.util.concurrent.FutureTask.run(FutureTask.java:266)
at java.util.concurrent.ThreadPoolExecutor.runWorker(ThreadPoolExecutor.java:1142)
at java.util.concurrent.ThreadPoolExecutor$Worker.run(ThreadPoolExecutor.java:617)
at java.lang.Thread.run(Thread.java:745)
... Removed 25 stack frames]]>
    </failure>
  </testcase> <!-- imgsearch -->
</testsuite> <!-- Test on Rest API  -->
