-------------------------------------------------------------------------------
Test set: TestSuite
-------------------------------------------------------------------------------
Tests run: 1, Failures: 1, Errors: 0, Skipped: 0, Time elapsed: 32.738 s <<< FAILURE! - in TestSuite
imgsearch(EBApparel_Tests.Functional_tests)  Time elapsed: 3.08 s  <<< FAILURE!
java.lang.AssertionError: expected [true] but found [false]
	at EBApparel_Tests.Functional_tests.imgsearch(Functional_tests.java:75)

