-------------------------------------------------------------------------------
Test set: TestSuite
-------------------------------------------------------------------------------
Tests run: 2, Failures: 1, Errors: 0, Skipped: 0, Time elapsed: 49.785 s <<< FAILURE! - in TestSuite
invalidlogintest(EBApparel_Tests.Functional_tests)  Time elapsed: 10.859 s  <<< FAILURE!
java.lang.AssertionError: expected [Unable to log on. Please make sure the username and password are for a valid user] but found []
	at EBApparel_Tests.Functional_tests.invalidlogintest(Functional_tests.java:34)

