<?xml version="1.0" encoding="UTF-8"?>
<testng-results skipped="0" failed="0" ignored="0" total="1" passed="1">
  <reporter-output>
  </reporter-output>
  <suite name="API Suite" duration-ms="76483" started-at="2020-02-13T15:39:08 EST" finished-at="2020-02-13T15:40:25 EST">
    <groups>
    </groups>
    <test name="Test on Rest API " duration-ms="76483" started-at="2020-02-13T15:39:08 EST" finished-at="2020-02-13T15:40:25 EST">
      <class name="EBApparel_Tests.Functional_tests">
        <test-method status="PASS" signature="setup()[pri:0, instance:EBApparel_Tests.Functional_tests@589838eb]" name="setup" is-config="true" duration-ms="73292" started-at="2020-02-13T15:39:08 EST" finished-at="2020-02-13T15:40:21 EST">
          <reporter-output>
          </reporter-output>
        </test-method> <!-- setup -->
        <test-method status="PASS" signature="searchtest()[pri:0, instance:EBApparel_Tests.Functional_tests@589838eb]" name="searchtest" duration-ms="3029" started-at="2020-02-13T15:40:21 EST" finished-at="2020-02-13T15:40:24 EST">
          <reporter-output>
          </reporter-output>
        </test-method> <!-- searchtest -->
      </class> <!-- EBApparel_Tests.Functional_tests -->
    </test> <!-- Test on Rest API  -->
  </suite> <!-- API Suite -->
</testng-results>
